<?xml version="1.0" encoding="UTF-8"?>
<!-- Generated by org.testng.reporters.JUnitReportReporter -->
<testsuite hostname="Manognas-MBP.attlocal.net" failures="0" tests="1" name="Tests.GoogleSearchTest" time="5.408" errors="0" timestamp="2020-06-25T14:25:16 CDT" skipped="0">
  <testcase classname="Tests.GoogleSearchTest" name="googleSearch" time="5.408"/>
  <system-out/>
</testsuite> <!-- Tests.GoogleSearchTest -->
